<?xml version="1.0" encoding="UTF-8"?>
<testsuite name="com.example.planteureka.PlantEurekaApplicationTests" tests="1" skipped="0" failures="0" errors="0" timestamp="2024-01-31T07:43:45" hostname="imin-uui-MacBookPro-2.local" time="0.426">
  <properties/>
  <testcase name="contextLoads()" classname="com.example.planteureka.PlantEurekaApplicationTests" time="0.426"/>
  <system-out><![CDATA[16:43:38.339 [Test worker] DEBUG org.springframework.test.context.BootstrapUtils - Instantiating CacheAwareContextLoaderDelegate from class [org.springframework.test.context.cache.DefaultCacheAwareContextLoaderDelegate]
16:43:38.356 [Test worker] DEBUG org.springframework.test.context.BootstrapUtils - Instantiating BootstrapContext using constructor [public org.springframework.test.context.support.DefaultBootstrapContext(java.lang.Class,org.springframework.test.context.CacheAwareContextLoaderDelegate)]
16:43:38.408 [Test worker] DEBUG org.springframework.test.context.BootstrapUtils - Instantiating TestContextBootstrapper for test class [com.example.planteureka.PlantEurekaApplicationTests] from class [org.springframework.boot.test.context.SpringBootTestContextBootstrapper]
16:43:38.423 [Test worker] INFO org.springframework.boot.test.context.SpringBootTestContextBootstrapper - Neither @ContextConfiguration nor @ContextHierarchy found for test class [com.example.planteureka.PlantEurekaApplicationTests], using SpringBootContextLoader
16:43:38.428 [Test worker] DEBUG org.springframework.test.context.support.AbstractContextLoader - Did not detect default resource location for test class [com.example.planteureka.PlantEurekaApplicationTests]: class path resource [com/example/planteureka/PlantEurekaApplicationTests-context.xml] does not exist
16:43:38.429 [Test worker] DEBUG org.springframework.test.context.support.AbstractContextLoader - Did not detect default resource location for test class [com.example.planteureka.PlantEurekaApplicationTests]: class path resource [com/example/planteureka/PlantEurekaApplicationTestsContext.groovy] does not exist
16:43:38.430 [Test worker] INFO org.springframework.test.context.support.AbstractContextLoader - Could not detect default resource locations for test class [com.example.planteureka.PlantEurekaApplicationTests]: no resource found for suffixes {-context.xml, Context.groovy}.
16:43:38.430 [Test worker] INFO org.springframework.test.context.support.AnnotationConfigContextLoaderUtils - Could not detect default configuration classes for test class [com.example.planteureka.PlantEurekaApplicationTests]: PlantEurekaApplicationTests does not declare any static, non-private, non-final, nested classes annotated with @Configuration.
16:43:38.484 [Test worker] DEBUG org.springframework.test.context.support.ActiveProfilesUtils - Could not find an 'annotation declaring class' for annotation type [org.springframework.test.context.ActiveProfiles] and class [com.example.planteureka.PlantEurekaApplicationTests]
16:43:38.562 [Test worker] DEBUG org.springframework.context.annotation.ClassPathScanningCandidateComponentProvider - Identified candidate component class: file [/Users/imin-u/study/plant_msa/plant-eureka/build/classes/java/main/com/example/planteureka/PlantEurekaApplication.class]
16:43:38.563 [Test worker] INFO org.springframework.boot.test.context.SpringBootTestContextBootstrapper - Found @SpringBootConfiguration com.example.planteureka.PlantEurekaApplication for test class com.example.planteureka.PlantEurekaApplicationTests
16:43:38.742 [Test worker] DEBUG org.springframework.boot.test.context.SpringBootTestContextBootstrapper - @TestExecutionListeners is not present for class [com.example.planteureka.PlantEurekaApplicationTests]: using defaults.
16:43:38.743 [Test worker] INFO org.springframework.boot.test.context.SpringBootTestContextBootstrapper - Loaded default TestExecutionListener class names from location [META-INF/spring.factories]: [org.springframework.boot.test.autoconfigure.restdocs.RestDocsTestExecutionListener, org.springframework.boot.test.autoconfigure.web.client.MockRestServiceServerResetTestExecutionListener, org.springframework.boot.test.autoconfigure.web.servlet.MockMvcPrintOnlyOnFailureTestExecutionListener, org.springframework.boot.test.autoconfigure.web.servlet.WebDriverTestExecutionListener, org.springframework.boot.test.autoconfigure.webservices.client.MockWebServiceServerTestExecutionListener, org.springframework.boot.test.mock.mockito.MockitoTestExecutionListener, org.springframework.boot.test.mock.mockito.ResetMocksTestExecutionListener, org.springframework.test.context.web.ServletTestExecutionListener, org.springframework.test.context.support.DirtiesContextBeforeModesTestExecutionListener, org.springframework.test.context.event.ApplicationEventsTestExecutionListener, org.springframework.test.context.support.DependencyInjectionTestExecutionListener, org.springframework.test.context.support.DirtiesContextTestExecutionListener, org.springframework.test.context.transaction.TransactionalTestExecutionListener, org.springframework.test.context.jdbc.SqlScriptsTestExecutionListener, org.springframework.test.context.event.EventPublishingTestExecutionListener]
16:43:38.756 [Test worker] DEBUG org.springframework.boot.test.context.SpringBootTestContextBootstrapper - Skipping candidate TestExecutionListener [org.springframework.test.context.transaction.TransactionalTestExecutionListener] due to a missing dependency. Specify custom listener classes or make the default listener classes and their required dependencies available. Offending class: [org/springframework/transaction/interceptor/TransactionAttributeSource]
16:43:38.757 [Test worker] DEBUG org.springframework.boot.test.context.SpringBootTestContextBootstrapper - Skipping candidate TestExecutionListener [org.springframework.test.context.jdbc.SqlScriptsTestExecutionListener] due to a missing dependency. Specify custom listener classes or make the default listener classes and their required dependencies available. Offending class: [org/springframework/transaction/interceptor/TransactionAttribute]
16:43:38.758 [Test worker] INFO org.springframework.boot.test.context.SpringBootTestContextBootstrapper - Using TestExecutionListeners: [org.springframework.test.context.web.ServletTestExecutionListener@74e47444, org.springframework.test.context.support.DirtiesContextBeforeModesTestExecutionListener@9bd0fa6, org.springframework.test.context.event.ApplicationEventsTestExecutionListener@59d2103b, org.springframework.boot.test.mock.mockito.MockitoTestExecutionListener@39dcf4b0, org.springframework.boot.test.autoconfigure.SpringBootDependencyInjectionTestExecutionListener@6e4de19b, org.springframework.test.context.support.DirtiesContextTestExecutionListener@f6c03cb, org.springframework.test.context.event.EventPublishingTestExecutionListener@46f699d5, org.springframework.boot.test.autoconfigure.restdocs.RestDocsTestExecutionListener@18518ccf, org.springframework.boot.test.autoconfigure.web.client.MockRestServiceServerResetTestExecutionListener@1991f767, org.springframework.boot.test.autoconfigure.web.servlet.MockMvcPrintOnlyOnFailureTestExecutionListener@768ccdc5, org.springframework.boot.test.autoconfigure.web.servlet.WebDriverTestExecutionListener@4c6daf0, org.springframework.boot.test.autoconfigure.webservices.client.MockWebServiceServerTestExecutionListener@10650953, org.springframework.boot.test.mock.mockito.ResetMocksTestExecutionListener@659eef7]
16:43:38.762 [Test worker] DEBUG org.springframework.test.context.support.AbstractDirtiesContextTestExecutionListener - Before test class: context [DefaultTestContext@3a94964 testClass = PlantEurekaApplicationTests, testInstance = [null], testMethod = [null], testException = [null], mergedContextConfiguration = [WebMergedContextConfiguration@5049d8b2 testClass = PlantEurekaApplicationTests, locations = '{}', classes = '{class com.example.planteureka.PlantEurekaApplication}', contextInitializerClasses = '[]', activeProfiles = '{}', propertySourceLocations = '{}', propertySourceProperties = '{org.springframework.boot.test.context.SpringBootTestContextBootstrapper=true}', contextCustomizers = set[org.springframework.boot.test.autoconfigure.actuate.metrics.MetricsExportContextCustomizerFactory$DisableMetricExportContextCustomizer@1800a575, org.springframework.boot.test.autoconfigure.properties.PropertyMappingContextCustomizer@0, org.springframework.boot.test.autoconfigure.web.servlet.WebDriverContextCustomizerFactory$Customizer@332796d3, org.springframework.boot.test.context.filter.ExcludeFilterContextCustomizer@5bf0fe62, org.springframework.boot.test.json.DuplicateJsonObjectContextCustomizerFactory$DuplicateJsonObjectContextCustomizer@6ce86ce1, org.springframework.boot.test.mock.mockito.MockitoContextCustomizer@0, org.springframework.boot.test.web.client.TestRestTemplateContextCustomizer@524f3b3a, org.springframework.boot.test.context.SpringBootTestArgs@1, org.springframework.boot.test.context.SpringBootTestWebEnvironment@1329eff], resourceBasePath = 'src/main/webapp', contextLoader = 'org.springframework.boot.test.context.SpringBootContextLoader', parent = [null]], attributes = map['org.springframework.test.context.web.ServletTestExecutionListener.activateListener' -> true]], class annotated with @DirtiesContext [false] with mode [null].

  .   ____          _            __ _ _
 /\\ / ___'_ __ _ _(_)_ __  __ _ \ \ \ \
( ( )\___ | '_ | '_| | '_ \/ _` | \ \ \ \
 \\/  ___)| |_)| | | | | || (_| |  ) ) ) )
  '  |____| .__|_| |_|_| |_\__, | / / / /
 =========|_|==============|___/=/_/_/_/
 :: Spring Boot ::                (v2.7.6)

2024-01-31 16:43:39.429  INFO 59485 --- [    Test worker] c.e.p.PlantEurekaApplicationTests        : Starting PlantEurekaApplicationTests using Java 17.0.9 on imin-uui-MacBookPro-2.local with PID 59485 (started by imin-u in /Users/imin-u/study/plant_msa/plant-eureka)
2024-01-31 16:43:39.431  INFO 59485 --- [    Test worker] c.e.p.PlantEurekaApplicationTests        : No active profile set, falling back to 1 default profile: "default"
2024-01-31 16:43:41.145  INFO 59485 --- [    Test worker] o.s.cloud.context.scope.GenericScope     : BeanFactory id=672d1837-032e-30ae-8ae5-5987e2abdc49
2024-01-31 16:43:43.705  INFO 59485 --- [    Test worker] DiscoveryClientOptionalArgsConfiguration : Eureka HTTP Client uses Jersey
2024-01-31 16:43:43.884  WARN 59485 --- [    Test worker] iguration$LoadBalancerCaffeineWarnLogger : Spring Cloud LoadBalancer is currently working with the default cache. While this cache implementation is useful for development and tests, it's recommended to use Caffeine cache in production.You can switch to using Caffeine cache, by adding it and org.springframework.cache.caffeine.CaffeineCacheManager to the classpath.
2024-01-31 16:43:44.238  INFO 59485 --- [    Test worker] o.s.c.n.eureka.InstanceInfoFactory       : Setting initial instance status as: STARTING
2024-01-31 16:43:44.273  INFO 59485 --- [    Test worker] com.netflix.discovery.DiscoveryClient    : Initializing Eureka in region us-east-1
2024-01-31 16:43:44.275  INFO 59485 --- [    Test worker] com.netflix.discovery.DiscoveryClient    : Client configured to neither register nor query for data.
2024-01-31 16:43:44.286  INFO 59485 --- [    Test worker] com.netflix.discovery.DiscoveryClient    : Discovery Client initialized at timestamp 1706687024285 with initial instances count: 0
2024-01-31 16:43:44.352  INFO 59485 --- [    Test worker] c.n.eureka.DefaultEurekaServerContext    : Initializing ...
2024-01-31 16:43:44.356  INFO 59485 --- [    Test worker] c.n.eureka.cluster.PeerEurekaNodes       : Adding new peer nodes [http://localhost:8761/eureka/]
2024-01-31 16:43:44.627  INFO 59485 --- [    Test worker] c.n.d.provider.DiscoveryJerseyProvider   : Using JSON encoding codec LegacyJacksonJson
2024-01-31 16:43:44.627  INFO 59485 --- [    Test worker] c.n.d.provider.DiscoveryJerseyProvider   : Using JSON decoding codec LegacyJacksonJson
2024-01-31 16:43:44.627  INFO 59485 --- [    Test worker] c.n.d.provider.DiscoveryJerseyProvider   : Using XML encoding codec XStreamXml
2024-01-31 16:43:44.628  INFO 59485 --- [    Test worker] c.n.d.provider.DiscoveryJerseyProvider   : Using XML decoding codec XStreamXml
2024-01-31 16:43:44.842  INFO 59485 --- [    Test worker] c.n.eureka.cluster.PeerEurekaNodes       : Replica node URL:  http://localhost:8761/eureka/
2024-01-31 16:43:44.851  INFO 59485 --- [    Test worker] c.n.e.registry.AbstractInstanceRegistry  : Finished initializing remote region registries. All known remote regions: []
2024-01-31 16:43:44.853  INFO 59485 --- [    Test worker] c.n.eureka.DefaultEurekaServerContext    : Initialized
2024-01-31 16:43:44.970  INFO 59485 --- [    Test worker] o.s.b.a.e.web.EndpointLinksResolver      : Exposing 1 endpoint(s) beneath base path '/actuator'
2024-01-31 16:43:45.018  INFO 59485 --- [    Test worker] o.s.c.n.e.s.EurekaServiceRegistry        : Registering application PLANT-EUREKA with eureka with status UP
2024-01-31 16:43:45.031  INFO 59485 --- [      Thread-12] o.s.c.n.e.server.EurekaServerBootstrap   : isAws returned false
2024-01-31 16:43:45.031  INFO 59485 --- [      Thread-12] o.s.c.n.e.server.EurekaServerBootstrap   : Initialized server context
2024-01-31 16:43:45.031  INFO 59485 --- [      Thread-12] c.n.e.r.PeerAwareInstanceRegistryImpl    : Got 1 instances from neighboring DS node
2024-01-31 16:43:45.031  INFO 59485 --- [      Thread-12] c.n.e.r.PeerAwareInstanceRegistryImpl    : Renew threshold is: 1
2024-01-31 16:43:45.031  INFO 59485 --- [      Thread-12] c.n.e.r.PeerAwareInstanceRegistryImpl    : Changing status to UP
2024-01-31 16:43:45.039  INFO 59485 --- [      Thread-12] e.s.EurekaServerInitializerConfiguration : Started Eureka Server
2024-01-31 16:43:45.047  INFO 59485 --- [    Test worker] c.e.p.PlantEurekaApplicationTests        : Started PlantEurekaApplicationTests in 6.221 seconds (JVM running for 7.784)
]]></system-out>
  <system-err><![CDATA[]]></system-err>
</testsuite>
